<?xml version="1.0" encoding="UTF-8"?>
<!-- Generated by org.testng.reporters.JUnitXMLReporter -->
<testsuite ignored="0" hostname="Bharani" failures="0" tests="4" name="Test" time="0.055" errors="0" timestamp="2022-11-04T16:47:06 IST">
  <testcase classname="scripts.Test4" name="tc1" time="0.008"/>
  <testcase classname="scripts.Test3" name="tc1" time="0.003"/>
  <testcase classname="scripts.Test2" name="tc1" time="0.001"/>
  <testcase classname="scripts.Test1" name="tc1" time="0.001"/>
</testsuite> <!-- Test -->
