<?xml version="1.0" encoding="UTF-8"?>
<testng-results ignored="0" total="4" passed="4" failed="0" skipped="0">
  <reporter-output>
    <line>
      <![CDATA[Hello Pythonselenium]]>
    </line>
    <line>
      <![CDATA[Hello Python]]>
    </line>
    <line>
      <![CDATA[Hello Selenium]]>
    </line>
    <line>
      <![CDATA[Hello java]]>
    </line>
  </reporter-output>
  <suite started-at="2022-11-04T16:47:06 IST" name="Suite" finished-at="2022-11-04T16:47:06 IST" duration-ms="55">
    <groups>
    </groups>
    <test started-at="2022-11-04T16:47:06 IST" name="Test" finished-at="2022-11-04T16:47:06 IST" duration-ms="55">
      <class name="scripts.Test1">
        <test-method signature="tc1()[pri:0, instance:scripts.Test1@6a84a97d]" started-at="2022-11-04T16:47:06 IST" name="tc1" finished-at="2022-11-04T16:47:06 IST" duration-ms="1" status="PASS">
          <reporter-output>
            <line>
              <![CDATA[Hello java]]>
            </line>
          </reporter-output>
        </test-method> <!-- tc1 -->
      </class> <!-- scripts.Test1 -->
      <class name="scripts.Test3">
        <test-method signature="tc1()[pri:0, instance:scripts.Test3@247d8ae]" started-at="2022-11-04T16:47:06 IST" name="tc1" finished-at="2022-11-04T16:47:06 IST" duration-ms="3" status="PASS">
          <reporter-output>
            <line>
              <![CDATA[Hello Python]]>
            </line>
          </reporter-output>
        </test-method> <!-- tc1 -->
      </class> <!-- scripts.Test3 -->
      <class name="scripts.Test2">
        <test-method signature="tc1()[pri:0, instance:scripts.Test2@48974e45]" started-at="2022-11-04T16:47:06 IST" name="tc1" finished-at="2022-11-04T16:47:06 IST" duration-ms="1" status="PASS">
          <reporter-output>
            <line>
              <![CDATA[Hello Selenium]]>
            </line>
          </reporter-output>
        </test-method> <!-- tc1 -->
      </class> <!-- scripts.Test2 -->
      <class name="scripts.Test4">
        <test-method signature="tc1()[pri:0, instance:scripts.Test4@44821a96]" started-at="2022-11-04T16:47:06 IST" name="tc1" finished-at="2022-11-04T16:47:06 IST" duration-ms="8" status="PASS">
          <reporter-output>
            <line>
              <![CDATA[Hello Pythonselenium]]>
            </line>
          </reporter-output>
        </test-method> <!-- tc1 -->
      </class> <!-- scripts.Test4 -->
    </test> <!-- Test -->
  </suite> <!-- Suite -->
</testng-results>
